# JRE version: Java(TM) SE Runtime Environment (8.0_151-b12) (build 1.8.0_151-b12)
# Java VM: Java HotSpot(TM) 64-Bit Server VM (25.151-b12 mixed mode windows-amd64 compressed oops)
Heap:
 PSYoungGen      total 118272K, used 51694K [0x0000000780900000, 0x0000000789f80000, 0x00000007c0000000)
  eden space 104448K, 40% used [0x0000000780900000,0x00000007832a9620,0x0000000786f00000)
  from space 13824K, 65% used [0x0000000786f00000,0x00000007877d2420,0x0000000787c80000)
  to   space 13824K, 0% used [0x0000000789200000,0x0000000789200000,0x0000000789f80000)
 ParOldGen       total 149504K, used 19297K [0x0000000701a00000, 0x000000070ac00000, 0x0000000780900000)
  object space 149504K, 12% used [0x0000000701a00000,0x0000000702cd8440,0x000000070ac00000)
 Metaspace       used 41719K, capacity 42256K, committed 42624K, reserved 1087488K
  class space    used 5009K, capacity 5157K, committed 5248K, reserved 1048576K
GC Heap History (10 events):
Event: 8.617 GC heap before
{Heap before GC invocations=9 (full 1):
 PSYoungGen      total 74240K, used 55529K [0x0000000780900000, 0x0000000787480000, 0x00000007c0000000)
  eden space 64512K, 71% used [0x0000000780900000,0x00000007835be4b0,0x0000000784800000)
  from space 9728K, 99% used [0x0000000784800000,0x000000078517c050,0x0000000785180000)
  to   space 12288K, 0% used [0x0000000786880000,0x0000000786880000,0x0000000787480000)
 ParOldGen       total 88064K, used 10001K [0x0000000701a00000, 0x0000000707000000, 0x0000000780900000)
  object space 88064K, 11% used [0x0000000701a00000,0x00000007023c45b8,0x0000000707000000)
 Metaspace       used 34926K, capacity 35310K, committed 35456K, reserved 1081344K
  class space    used 4306K, capacity 4436K, committed 4480K, reserved 1048576K
Event: 8.631 GC heap after
Heap after GC invocations=9 (full 1):
 PSYoungGen      total 95744K, used 12270K [0x0000000780900000, 0x0000000787c00000, 0x00000007c0000000)
  eden space 83456K, 0% used [0x0000000780900000,0x0000000780900000,0x0000000785a80000)
  from space 12288K, 99% used [0x0000000786880000,0x000000078747ba30,0x0000000787480000)
  to   space 14336K, 0% used [0x0000000785a80000,0x0000000785a80000,0x0000000786880000)
 ParOldGen       total 88064K, used 11022K [0x0000000701a00000, 0x0000000707000000, 0x0000000780900000)
  object space 88064K, 12% used [0x0000000701a00000,0x00000007024c3950,0x0000000707000000)
 Metaspace       used 34926K, capacity 35310K, committed 35456K, reserved 1081344K
  class space    used 4306K, capacity 4436K, committed 4480K, reserved 1048576K
}
Event: 8.631 GC heap before
{Heap before GC invocations=10 (full 2):
 PSYoungGen      total 95744K, used 12270K [0x0000000780900000, 0x0000000787c00000, 0x00000007c0000000)
  eden space 83456K, 0% used [0x0000000780900000,0x0000000780900000,0x0000000785a80000)
  from space 12288K, 99% used [0x0000000786880000,0x000000078747ba30,0x0000000787480000)
  to   space 14336K, 0% used [0x0000000785a80000,0x0000000785a80000,0x0000000786880000)
 ParOldGen       total 88064K, used 11022K [0x0000000701a00000, 0x0000000707000000, 0x0000000780900000)
  object space 88064K, 12% used [0x0000000701a00000,0x00000007024c3950,0x0000000707000000)
 Metaspace       used 34926K, capacity 35310K, committed 35456K, reserved 1081344K
  class space    used 4306K, capacity 4436K, committed 4480K, reserved 1048576K
Event: 8.699 GC heap after
Heap after GC invocations=10 (full 2):
 PSYoungGen      total 95744K, used 0K [0x0000000780900000, 0x0000000787c00000, 0x00000007c0000000)
  eden space 83456K, 0% used [0x0000000780900000,0x0000000780900000,0x0000000785a80000)
  from space 12288K, 0% used [0x0000000786880000,0x0000000786880000,0x0000000787480000)
  to   space 14336K, 0% used [0x0000000785a80000,0x0000000785a80000,0x0000000786880000)
 ParOldGen       total 149504K, used 19273K [0x0000000701a00000, 0x000000070ac00000, 0x0000000780900000)
  object space 149504K, 12% used [0x0000000701a00000,0x0000000702cd2440,0x000000070ac00000)
 Metaspace       used 34926K, capacity 35310K, committed 35456K, reserved 1081344K
  class space    used 4306K, capacity 4436K, committed 4480K, reserved 1048576K
}
Event: 9.730 GC heap before
{Heap before GC invocations=11 (full 2):
 PSYoungGen      total 95744K, used 83456K [0x0000000780900000, 0x0000000787c00000, 0x00000007c0000000)
  eden space 83456K, 100% used [0x0000000780900000,0x0000000785a80000,0x0000000785a80000)
  from space 12288K, 0% used [0x0000000786880000,0x0000000786880000,0x0000000787480000)
  to   space 14336K, 0% used [0x0000000785a80000,0x0000000785a80000,0x0000000786880000)
 ParOldGen       total 149504K, used 19273K [0x0000000701a00000, 0x000000070ac00000, 0x0000000780900000)
  object space 149504K, 12% used [0x0000000701a00000,0x0000000702cd2440,0x000000070ac00000)
 Metaspace       used 36640K, capacity 37164K, committed 37504K, reserved 1081344K
  class space    used 4521K, capacity 4665K, committed 4736K, reserved 1048576K
Event: 9.746 GC heap after
Heap after GC invocations=11 (full 2):
 PSYoungGen      total 97792K, used 4515K [0x0000000780900000, 0x0000000788b00000, 0x00000007c0000000)
  eden space 83456K, 0% used [0x0000000780900000,0x0000000780900000,0x0000000785a80000)
  from space 14336K, 31% used [0x0000000785a80000,0x0000000785ee8ea0,0x0000000786880000)
  to   space 14336K, 0% used [0x0000000787d00000,0x0000000787d00000,0x0000000788b00000)
 ParOldGen       total 149504K, used 19281K [0x0000000701a00000, 0x000000070ac00000, 0x0000000780900000)
  object space 149504K, 12% used [0x0000000701a00000,0x0000000702cd4440,0x000000070ac00000)
 Metaspace       used 36640K, capacity 37164K, committed 37504K, reserved 1081344K
  class space    used 4521K, capacity 4665K, committed 4736K, reserved 1048576K
}
Event: 10.624 GC heap before
{Heap before GC invocations=12 (full 2):
 PSYoungGen      total 97792K, used 87971K [0x0000000780900000, 0x0000000788b00000, 0x00000007c0000000)
  eden space 83456K, 100% used [0x0000000780900000,0x0000000785a80000,0x0000000785a80000)
  from space 14336K, 31% used [0x0000000785a80000,0x0000000785ee8ea0,0x0000000786880000)
  to   space 14336K, 0% used [0x0000000787d00000,0x0000000787d00000,0x0000000788b00000)
 ParOldGen       total 149504K, used 19281K [0x0000000701a00000, 0x000000070ac00000, 0x0000000780900000)
  object space 149504K, 12% used [0x0000000701a00000,0x0000000702cd4440,0x000000070ac00000)
 Metaspace       used 37645K, capacity 38174K, committed 38656K, reserved 1083392K
  class space    used 4643K, capacity 4764K, committed 4864K, reserved 1048576K
Event: 10.635 GC heap after
Heap after GC invocations=12 (full 2):
 PSYoungGen      total 117760K, used 6224K [0x0000000780900000, 0x0000000788a00000, 0x00000007c0000000)
  eden space 104448K, 0% used [0x0000000780900000,0x0000000780900000,0x0000000786f00000)
  from space 13312K, 46% used [0x0000000787d00000,0x0000000788314020,0x0000000788a00000)
  to   space 13824K, 0% used [0x0000000786f00000,0x0000000786f00000,0x0000000787c80000)
 ParOldGen       total 149504K, used 19289K [0x0000000701a00000, 0x000000070ac00000, 0x0000000780900000)
  object space 149504K, 12% used [0x0000000701a00000,0x0000000702cd6440,0x000000070ac00000)
 Metaspace       used 37645K, capacity 38174K, committed 38656K, reserved 1083392K
  class space    used 4643K, capacity 4764K, committed 4864K, reserved 1048576K
}
Event: 445.119 GC heap before
{Heap before GC invocations=13 (full 2):
 PSYoungGen      total 117760K, used 110672K [0x0000000780900000, 0x0000000788a00000, 0x00000007c0000000)
  eden space 104448K, 100% used [0x0000000780900000,0x0000000786f00000,0x0000000786f00000)
  from space 13312K, 46% used [0x0000000787d00000,0x0000000788314020,0x0000000788a00000)
  to   space 13824K, 0% used [0x0000000786f00000,0x0000000786f00000,0x0000000787c80000)
 ParOldGen       total 149504K, used 19289K [0x0000000701a00000, 0x000000070ac00000, 0x0000000780900000)
  object space 149504K, 12% used [0x0000000701a00000,0x0000000702cd6440,0x000000070ac00000)
 Metaspace       used 41604K, capacity 42124K, committed 42624K, reserved 1087488K
  class space    used 5009K, capacity 5157K, committed 5248K, reserved 1048576K
Event: 445.133 GC heap after
Heap after GC invocations=13 (full 2):
 PSYoungGen      total 118272K, used 9033K [0x0000000780900000, 0x0000000789f80000, 0x00000007c0000000)
  eden space 104448K, 0% used [0x0000000780900000,0x0000000780900000,0x0000000786f00000)
  from space 13824K, 65% used [0x0000000786f00000,0x00000007877d2420,0x0000000787c80000)
  to   space 13824K, 0% used [0x0000000789200000,0x0000000789200000,0x0000000789f80000)
 ParOldGen       total 149504K, used 19297K [0x0000000701a00000, 0x000000070ac00000, 0x0000000780900000)
  object space 149504K, 12% used [0x0000000701a00000,0x0000000702cd8440,0x000000070ac00000)
 Metaspace       used 41604K, capacity 42124K, committed 42624K, reserved 1087488K
  class space    used 5009K, capacity 5157K, committed 5248K, reserved 1048576K
}

